2024-11-13 11:49:19 [36mDEBUG[m ENV:QA JUnitRegisterPageTest:setUp:33 - BeforeTest setup done..
2024-11-13 11:49:19 [36mDEBUG[m ENV:QA JUnitRegisterPageTest:testPlaceholders:49 - PlaceHolders verified!
2024-11-13 11:49:21 [36mDEBUG[m ENV:QA JUnitRegisterPageTest:testPasswordVisibility:60 - Password retrieved!
2024-11-13 11:49:21 [36mDEBUG[m ENV:QA JUnitRegisterPageTest:testHeaderMsg:39 - Text in Header is: Welcome,Register
2024-11-13 11:55:50 [36mDEBUG[m ENV:QA JUnitRegisterPageTest:setUp:33 - BeforeTest setup done..
2024-11-13 11:55:50 [36mDEBUG[m ENV:QA JUnitRegisterPageTest:testPlaceholders:49 - PlaceHolders verified!
2024-11-13 11:55:52 [36mDEBUG[m ENV:QA JUnitRegisterPageTest:testPasswordVisibility:60 - Password retrieved!
2024-11-13 11:55:52 [36mDEBUG[m ENV:QA JUnitRegisterPageTest:testHeaderMsg:39 - Text in Header is: Welcome,Register
2024-11-13 12:01:44 [36mDEBUG[m ENV:QA JUnitRegisterPageTest:setUp:33 - BeforeTest setup done..
2024-11-13 12:01:44 [36mDEBUG[m ENV:QA JUnitRegisterPageTest:testPlaceholders:49 - PlaceHolders verified!
2024-11-13 12:01:47 [36mDEBUG[m ENV:QA JUnitRegisterPageTest:testPasswordVisibility:60 - Password retrieved!
2024-11-13 12:01:47 [36mDEBUG[m ENV:QA JUnitRegisterPageTest:testHeaderMsg:39 - Text in Header is: Welcome,Register
2024-11-13 12:10:24 [36mDEBUG[m ENV:QA TestNGRegisterPageTest:setUp:27 - TestNG BeforeTest setup done..
2024-11-13 12:10:25 [36mDEBUG[m ENV:QA TestNGRegisterPageTest:testHeaderMsg:33 - Text in Header is: Welcome,Register
2024-11-13 12:17:11 [36mDEBUG[m ENV:QA JUnitRegisterPageTest:setUp:33 - BeforeTest setup done..
2024-11-13 12:17:11 [36mDEBUG[m ENV:QA JUnitRegisterPageTest:testPlaceholders:49 - PlaceHolders verified!
2024-11-13 12:17:13 [36mDEBUG[m ENV:QA JUnitRegisterPageTest:testPasswordVisibility:60 - Password retrieved!
2024-11-13 12:17:13 [36mDEBUG[m ENV:QA JUnitRegisterPageTest:testHeaderMsg:39 - Text in Header is: Welcome,Register
2024-11-13 12:20:39 [36mDEBUG[m ENV:QA JUnitRegisterPageTest:setUp:33 - BeforeTest setup done..
2024-11-13 12:20:39 [36mDEBUG[m ENV:QA JUnitRegisterPageTest:testPlaceholders:49 - PlaceHolders verified!
2024-11-13 12:20:41 [36mDEBUG[m ENV:QA JUnitRegisterPageTest:testPasswordVisibility:60 - Password retrieved!
2024-11-13 12:20:41 [36mDEBUG[m ENV:QA JUnitRegisterPageTest:testHeaderMsg:39 - Text in Header is: Welcome,Register
2024-11-13 12:48:00 [36mDEBUG[m ENV:QA TestNGRegisterPageTest:setUp:27 - TestNG BeforeTest setup done..
2024-11-13 12:48:00 [36mDEBUG[m ENV:QA TestNGRegisterPageTest:testHeaderMsg:33 - Text in Header is: Welcome,Register
